<?xml version="1.0" encoding="UTF-8"?>
<!-- Generated by org.testng.reporters.JUnitXMLReporter -->
<testsuite hostname="LAPTOP-C0KD7D2E" name="Default test" tests="12" failures="0" timestamp="14 Oct 2018 11:51:42 GMT" time="0.133" errors="0">
  <testcase name="Sub" time="0.017" classname="com.qa.test.TestTwo"/>
  <testcase name="Sub2" time="0.005" classname="com.qa.test.TestTwo"/>
  <testcase name="Sub3" time="0.003" classname="com.qa.test.TestTwo"/>
  <testcase name="Sum" time="0.002" classname="com.qa.test.TestTwo"/>
  <testcase name="Sub" time="0.003" classname="com.qa.test.TestMaven"/>
  <testcase name="Sub2" time="0.007" classname="com.qa.test.TestMaven"/>
  <testcase name="Sub3" time="0.003" classname="com.qa.test.TestMaven"/>
  <testcase name="Sum" time="0.003" classname="com.qa.test.TestMaven"/>
  <testcase name="Sub" time="0.003" classname="com.qa.test.TestThree"/>
  <testcase name="Sub2" time="0.003" classname="com.qa.test.TestThree"/>
  <testcase name="Sub3" time="0.003" classname="com.qa.test.TestThree"/>
  <testcase name="Sum" time="0.002" classname="com.qa.test.TestThree"/>
</testsuite> <!-- Default test -->
