<?xml version="1.0" encoding="UTF-8"?>
<!-- Generated by org.testng.reporters.JUnitXMLReporter -->
<testsuite hostname="LAPTOP-C0KD7D2E" name="Maven Test Cases" tests="12" failures="0" timestamp="14 Oct 2018 12:27:02 GMT" time="0.045" errors="0">
  <testcase name="Sub" time="0.016" classname="com.qa.test.TestMaven"/>
  <testcase name="Sub2" time="0.001" classname="com.qa.test.TestMaven"/>
  <testcase name="Sub3" time="0.001" classname="com.qa.test.TestMaven"/>
  <testcase name="Sum" time="0.0" classname="com.qa.test.TestMaven"/>
  <testcase name="Sub" time="0.0" classname="com.qa.test.TestThree"/>
  <testcase name="Sub2" time="0.001" classname="com.qa.test.TestThree"/>
  <testcase name="Sub3" time="0.001" classname="com.qa.test.TestThree"/>
  <testcase name="Sum" time="0.001" classname="com.qa.test.TestThree"/>
  <testcase name="Sub" time="0.0" classname="com.qa.test.TestTwo"/>
  <testcase name="Sub2" time="0.001" classname="com.qa.test.TestTwo"/>
  <testcase name="Sub3" time="0.001" classname="com.qa.test.TestTwo"/>
  <testcase name="Sum" time="0.001" classname="com.qa.test.TestTwo"/>
</testsuite> <!-- Maven Test Cases -->
