<?xml version="1.0" encoding="UTF-8"?>
<testng-results skipped="0" failed="0" total="12" passed="12">
  <reporter-output>
  </reporter-output>
  <suite name="Maven Test Suite" duration-ms="45" started-at="2018-10-14T12:27:02Z" finished-at="2018-10-14T12:27:02Z">
    <groups>
    </groups>
    <test name="Maven Test Cases" duration-ms="45" started-at="2018-10-14T12:27:02Z" finished-at="2018-10-14T12:27:02Z">
      <class name="com.qa.test.TestTwo">
        <test-method status="PASS" signature="Sub()[pri:0, instance:com.qa.test.TestTwo@2d6e8792]" name="Sub" duration-ms="0" started-at="2018-10-14T17:57:02Z" finished-at="2018-10-14T17:57:02Z">
          <reporter-output>
          </reporter-output>
        </test-method> <!-- Sub -->
        <test-method status="PASS" signature="Sub2()[pri:0, instance:com.qa.test.TestTwo@2d6e8792]" name="Sub2" duration-ms="1" started-at="2018-10-14T17:57:02Z" finished-at="2018-10-14T17:57:02Z">
          <reporter-output>
          </reporter-output>
        </test-method> <!-- Sub2 -->
        <test-method status="PASS" signature="Sub3()[pri:0, instance:com.qa.test.TestTwo@2d6e8792]" name="Sub3" duration-ms="1" started-at="2018-10-14T17:57:02Z" finished-at="2018-10-14T17:57:02Z">
          <reporter-output>
          </reporter-output>
        </test-method> <!-- Sub3 -->
        <test-method status="PASS" signature="Sum()[pri:0, instance:com.qa.test.TestTwo@2d6e8792]" name="Sum" duration-ms="1" started-at="2018-10-14T17:57:02Z" finished-at="2018-10-14T17:57:02Z">
          <reporter-output>
          </reporter-output>
        </test-method> <!-- Sum -->
      </class> <!-- com.qa.test.TestTwo -->
      <class name="com.qa.test.TestMaven">
        <test-method status="PASS" signature="Sub()[pri:0, instance:com.qa.test.TestMaven@17f6480]" name="Sub" duration-ms="16" started-at="2018-10-14T17:57:02Z" finished-at="2018-10-14T17:57:02Z">
          <reporter-output>
          </reporter-output>
        </test-method> <!-- Sub -->
        <test-method status="PASS" signature="Sub2()[pri:0, instance:com.qa.test.TestMaven@17f6480]" name="Sub2" duration-ms="1" started-at="2018-10-14T17:57:02Z" finished-at="2018-10-14T17:57:02Z">
          <reporter-output>
          </reporter-output>
        </test-method> <!-- Sub2 -->
        <test-method status="PASS" signature="Sub3()[pri:0, instance:com.qa.test.TestMaven@17f6480]" name="Sub3" duration-ms="1" started-at="2018-10-14T17:57:02Z" finished-at="2018-10-14T17:57:02Z">
          <reporter-output>
          </reporter-output>
        </test-method> <!-- Sub3 -->
        <test-method status="PASS" signature="Sum()[pri:0, instance:com.qa.test.TestMaven@17f6480]" name="Sum" duration-ms="0" started-at="2018-10-14T17:57:02Z" finished-at="2018-10-14T17:57:02Z">
          <reporter-output>
          </reporter-output>
        </test-method> <!-- Sum -->
      </class> <!-- com.qa.test.TestMaven -->
      <class name="com.qa.test.TestThree">
        <test-method status="PASS" signature="Sub()[pri:0, instance:com.qa.test.TestThree@b684286]" name="Sub" duration-ms="0" started-at="2018-10-14T17:57:02Z" finished-at="2018-10-14T17:57:02Z">
          <reporter-output>
          </reporter-output>
        </test-method> <!-- Sub -->
        <test-method status="PASS" signature="Sub2()[pri:0, instance:com.qa.test.TestThree@b684286]" name="Sub2" duration-ms="1" started-at="2018-10-14T17:57:02Z" finished-at="2018-10-14T17:57:02Z">
          <reporter-output>
          </reporter-output>
        </test-method> <!-- Sub2 -->
        <test-method status="PASS" signature="Sub3()[pri:0, instance:com.qa.test.TestThree@b684286]" name="Sub3" duration-ms="1" started-at="2018-10-14T17:57:02Z" finished-at="2018-10-14T17:57:02Z">
          <reporter-output>
          </reporter-output>
        </test-method> <!-- Sub3 -->
        <test-method status="PASS" signature="Sum()[pri:0, instance:com.qa.test.TestThree@b684286]" name="Sum" duration-ms="1" started-at="2018-10-14T17:57:02Z" finished-at="2018-10-14T17:57:02Z">
          <reporter-output>
          </reporter-output>
        </test-method> <!-- Sum -->
      </class> <!-- com.qa.test.TestThree -->
    </test> <!-- Maven Test Cases -->
  </suite> <!-- Maven Test Suite -->
</testng-results>
