<?xml version="1.0" encoding="UTF-8"?>
<testng-results skipped="0" failed="0" total="12" passed="12">
  <reporter-output>
  </reporter-output>
  <suite name="Maven Test Suite" duration-ms="141" started-at="2018-10-14T12:23:53Z" finished-at="2018-10-14T12:23:53Z">
    <groups>
    </groups>
    <test name="Maven Test Cases" duration-ms="141" started-at="2018-10-14T12:23:53Z" finished-at="2018-10-14T12:23:53Z">
      <class name="com.qa.test.TestTwo">
        <test-method status="PASS" signature="Sub()[pri:0, instance:com.qa.test.TestTwo@23ceabc1]" name="Sub" duration-ms="3" started-at="2018-10-14T17:53:53Z" finished-at="2018-10-14T17:53:53Z">
          <reporter-output>
          </reporter-output>
        </test-method> <!-- Sub -->
        <test-method status="PASS" signature="Sub2()[pri:0, instance:com.qa.test.TestTwo@23ceabc1]" name="Sub2" duration-ms="3" started-at="2018-10-14T17:53:53Z" finished-at="2018-10-14T17:53:53Z">
          <reporter-output>
          </reporter-output>
        </test-method> <!-- Sub2 -->
        <test-method status="PASS" signature="Sub3()[pri:0, instance:com.qa.test.TestTwo@23ceabc1]" name="Sub3" duration-ms="2" started-at="2018-10-14T17:53:53Z" finished-at="2018-10-14T17:53:53Z">
          <reporter-output>
          </reporter-output>
        </test-method> <!-- Sub3 -->
        <test-method status="PASS" signature="Sum()[pri:0, instance:com.qa.test.TestTwo@23ceabc1]" name="Sum" duration-ms="2" started-at="2018-10-14T17:53:53Z" finished-at="2018-10-14T17:53:53Z">
          <reporter-output>
          </reporter-output>
        </test-method> <!-- Sum -->
      </class> <!-- com.qa.test.TestTwo -->
      <class name="com.qa.test.TestMaven">
        <test-method status="PASS" signature="Sub()[pri:0, instance:com.qa.test.TestMaven@5419f379]" name="Sub" duration-ms="17" started-at="2018-10-14T17:53:53Z" finished-at="2018-10-14T17:53:53Z">
          <reporter-output>
          </reporter-output>
        </test-method> <!-- Sub -->
        <test-method status="PASS" signature="Sub2()[pri:0, instance:com.qa.test.TestMaven@5419f379]" name="Sub2" duration-ms="2" started-at="2018-10-14T17:53:53Z" finished-at="2018-10-14T17:53:53Z">
          <reporter-output>
          </reporter-output>
        </test-method> <!-- Sub2 -->
        <test-method status="PASS" signature="Sub3()[pri:0, instance:com.qa.test.TestMaven@5419f379]" name="Sub3" duration-ms="3" started-at="2018-10-14T17:53:53Z" finished-at="2018-10-14T17:53:53Z">
          <reporter-output>
          </reporter-output>
        </test-method> <!-- Sub3 -->
        <test-method status="PASS" signature="Sum()[pri:0, instance:com.qa.test.TestMaven@5419f379]" name="Sum" duration-ms="3" started-at="2018-10-14T17:53:53Z" finished-at="2018-10-14T17:53:53Z">
          <reporter-output>
          </reporter-output>
        </test-method> <!-- Sum -->
      </class> <!-- com.qa.test.TestMaven -->
      <class name="com.qa.test.TestThree">
        <test-method status="PASS" signature="Sub()[pri:0, instance:com.qa.test.TestThree@4520ebad]" name="Sub" duration-ms="1" started-at="2018-10-14T17:53:53Z" finished-at="2018-10-14T17:53:53Z">
          <reporter-output>
          </reporter-output>
        </test-method> <!-- Sub -->
        <test-method status="PASS" signature="Sub2()[pri:0, instance:com.qa.test.TestThree@4520ebad]" name="Sub2" duration-ms="2" started-at="2018-10-14T17:53:53Z" finished-at="2018-10-14T17:53:53Z">
          <reporter-output>
          </reporter-output>
        </test-method> <!-- Sub2 -->
        <test-method status="PASS" signature="Sub3()[pri:0, instance:com.qa.test.TestThree@4520ebad]" name="Sub3" duration-ms="4" started-at="2018-10-14T17:53:53Z" finished-at="2018-10-14T17:53:53Z">
          <reporter-output>
          </reporter-output>
        </test-method> <!-- Sub3 -->
        <test-method status="PASS" signature="Sum()[pri:0, instance:com.qa.test.TestThree@4520ebad]" name="Sum" duration-ms="2" started-at="2018-10-14T17:53:53Z" finished-at="2018-10-14T17:53:53Z">
          <reporter-output>
          </reporter-output>
        </test-method> <!-- Sum -->
      </class> <!-- com.qa.test.TestThree -->
    </test> <!-- Maven Test Cases -->
  </suite> <!-- Maven Test Suite -->
</testng-results>
